[debug] [2023-01-08T20:51:21.536Z] ----------------------------------------------------------------------
[debug] [2023-01-08T20:51:21.538Z] Command:       /home/warren/.nvm/versions/node/v16.4.2/bin/node /home/warren/.nvm/versions/node/v16.4.2/bin/firebase emulators:start
[debug] [2023-01-08T20:51:21.538Z] CLI Version:   11.0.0
[debug] [2023-01-08T20:51:21.538Z] Platform:      linux
[debug] [2023-01-08T20:51:21.538Z] Node Version:  v16.4.2
[debug] [2023-01-08T20:51:21.538Z] Time:          Sun Jan 08 2023 16:51:21 GMT-0400 (Atlantic Standard Time)
[debug] [2023-01-08T20:51:21.538Z] ----------------------------------------------------------------------
[debug] 
[debug] [2023-01-08T20:51:21.540Z] >>> [apiv2][query] GET https://firebase-public.firebaseio.com/cli.json [none]
[debug] [2023-01-08T20:51:21.591Z] > command requires scopes: ["email","openid","https://www.googleapis.com/auth/cloudplatformprojects.readonly","https://www.googleapis.com/auth/firebase","https://www.googleapis.com/auth/cloud-platform"]
[debug] [2023-01-08T20:51:21.591Z] > authorizing via signed-in user (warren.s.488@gmail.com)
[debug] [2023-01-08T20:51:21.668Z] openjdk version "17.0.5" 2022-10-18

[debug] [2023-01-08T20:51:21.669Z] OpenJDK Runtime Environment (build 17.0.5+8-Ubuntu-2ubuntu120.04)
OpenJDK 64-Bit Server VM (build 17.0.5+8-Ubuntu-2ubuntu120.04, mixed mode, sharing)

[debug] [2023-01-08T20:51:21.671Z] Parsed Java major version: 17
[info] i  emulators: Starting emulators: auth, storage {"metadata":{"emulator":{"name":"hub"},"message":"Starting emulators: auth, storage"}}
[debug] [2023-01-08T20:51:21.676Z] [hub] writing locator at /tmp/hub-myapp-4f894.json
[debug] [2023-01-08T20:51:26.439Z] Ignoring unsupported arg: port {"metadata":{"emulator":{"name":"storage"},"message":"Ignoring unsupported arg: port"}}
[debug] [2023-01-08T20:51:26.557Z] <<< [apiv2][status] GET https://firebase-public.firebaseio.com/cli.json 200
[debug] [2023-01-08T20:51:26.557Z] <<< [apiv2][body] GET https://firebase-public.firebaseio.com/cli.json {"cloudBuildErrorAfter":1594252800000,"cloudBuildWarnAfter":1590019200000,"defaultNode10After":1594252800000,"minVersion":"3.0.5","node8DeploysDisabledAfter":1613390400000,"node8RuntimeDisabledAfter":1615809600000,"node8WarnAfter":1600128000000}
[debug] [2023-01-08T20:51:27.170Z] Temp file directory for storage emulator: /tmp/firebase/storage/blobs {"metadata":{"emulator":{"name":"storage"},"message":"Temp file directory for storage emulator: /tmp/firebase/storage/blobs"}}
[debug] [2023-01-08T20:51:27.176Z] Ignoring unsupported arg: auto_download {"metadata":{"emulator":{"name":"ui"},"message":"Ignoring unsupported arg: auto_download"}}
[debug] [2023-01-08T20:51:27.176Z] Ignoring unsupported arg: port {"metadata":{"emulator":{"name":"ui"},"message":"Ignoring unsupported arg: port"}}
[debug] [2023-01-08T20:51:27.176Z] Starting Emulator UI with command {"binary":"node","args":["--dns-result-order=ipv4first","/home/warren/.cache/firebase/emulators/ui-v1.7.0/server.bundle.js"],"optionalArgs":[],"joinArgs":false} {"metadata":{"emulator":{"name":"ui"},"message":"Starting Emulator UI with command {\"binary\":\"node\",\"args\":[\"--dns-result-order=ipv4first\",\"/home/warren/.cache/firebase/emulators/ui-v1.7.0/server.bundle.js\"],\"optionalArgs\":[],\"joinArgs\":false}"}}
[info] i  ui: Emulator UI logging to ui-debug.log {"metadata":{"emulator":{"name":"ui"},"message":"Emulator UI logging to \u001b[1mui-debug.log\u001b[22m"}}
[debug] [2023-01-08T20:51:27.270Z] Web / API server started at 127.0.0.1:9000
 {"metadata":{"emulator":{"name":"ui"},"message":"Web / API server started at 127.0.0.1:9000\n"}}
[info] 
┌─────────────────────────────────────────────────────────────┐
│ ✔  All emulators ready! It is now safe to connect your app. │
│ i  View Emulator UI at http://127.0.0.1:9000                │
└─────────────────────────────────────────────────────────────┘

┌────────────────┬────────────────┬───────────────────────────────┐
│ Emulator       │ Host:Port      │ View in Emulator UI           │
├────────────────┼────────────────┼───────────────────────────────┤
│ Authentication │ 127.0.0.1:9099 │ http://127.0.0.1:9000/auth    │
├────────────────┼────────────────┼───────────────────────────────┤
│ Storage        │ 127.0.0.1:9199 │ http://127.0.0.1:9000/storage │
└────────────────┴────────────────┴───────────────────────────────┘
  Emulator Hub running at 127.0.0.1:4400
  Other reserved ports: 4500

Issues? Report them at https://github.com/firebase/firebase-tools/issues and attach the *-debug.log files.
 
[warn] ⚠  Received a signed custom token. Auth Emulator does not validate JWTs and IS NOT SECURE {"metadata":{"emulator":{"name":"auth"},"message":"Received a signed custom token. Auth Emulator does not validate JWTs and IS NOT SECURE"}}
[warn] ⚠  Received a signed custom token. Auth Emulator does not validate JWTs and IS NOT SECURE {"metadata":{"emulator":{"name":"auth"},"message":"Received a signed custom token. Auth Emulator does not validate JWTs and IS NOT SECURE"}}
